<?xml version="1.0" encoding="UTF-8"?>
<!-- Generated by org.testng.reporters.JUnitXMLReporter -->
<testsuite hostname="DESKTOP-69A82KC" ignored="0" name="GoibiboTest" tests="1" failures="1" timestamp="26 Jun 2021 07:25:59 GMT" time="11.631" errors="0">
  <testcase name="runScenario" time="1.05" classname="io.cucumber.testng.AbstractTestNGCucumberTests">
    <failure type="java.lang.AssertionError" message="expected [false] but found [true]">
      <![CDATA[java.lang.AssertionError: expected [false] but found [true]
at com.qa.test.base.TestBase.getTestData(TestBase.java:82)
at com.qa.test.steps.GoogleMapStepDefinitions.user_construct_post_request_with(GoogleMapStepDefinitions.java:20)
at ✽.user construct post request with "search.key"(file:///D:/ECLIPSE_ENV/Workspace/GoogleMapApiAutomation/src/test/resources/features/VerifyUserAbleToPerformCRUDOperationsOnGoogleMap.feature:6)
... Removed 4 stack frames]]>
    </failure>
  </testcase> <!-- runScenario -->
</testsuite> <!-- GoibiboTest -->
