<?xml version="1.0" encoding="UTF-8" standalone="no"?>
<testsuite errors="0" failures="0" name="io.cucumber.core.plugin.JUnitFormatter" skipped="0" tests="1" time="35.534">
<testcase classname="Google Map CRUD Operations" name="Verify user able to read place details" time="33.491">
<system-out><![CDATA[Given user construct get request with "get.place.id" and "search.key".......passed
Then user verifies get response with "status.code" and "get.response".......passed
]]></system-out>
</testcase>
</testsuite>
