<?xml version="1.0" encoding="UTF-8"?>
<testng-results skipped="0" failed="0" ignored="0" total="1" passed="1">
  <reporter-output>
  </reporter-output>
  <suite name="testNGSuite" duration-ms="53277" started-at="2021-07-09T16:39:22Z" finished-at="2021-07-09T16:40:15Z">
    <groups>
      <group name="cucumber">
        <method signature="AbstractTestNGCucumberTests.runScenario(io.cucumber.testng.PickleWrapper, io.cucumber.testng.FeatureWrapper)[pri:0, instance:com.qa.test.runner.TestRunner@3fd7a715]" name="runScenario" class="io.cucumber.testng.AbstractTestNGCucumberTests"/>
      </group> <!-- cucumber -->
    </groups>
    <test name="GoogleMapTest" duration-ms="53277" started-at="2021-07-09T16:39:22Z" finished-at="2021-07-09T16:40:15Z">
      <class name="com.qa.test.runner.TestRunner">
        <test-method status="PASS" signature="setUpClass()[pri:0, instance:com.qa.test.runner.TestRunner@3fd7a715]" name="setUpClass" is-config="true" duration-ms="8647" started-at="2021-07-09T16:39:22Z" finished-at="2021-07-09T16:39:30Z">
          <reporter-output>
          </reporter-output>
        </test-method> <!-- setUpClass -->
        <test-method status="PASS" signature="runScenario(io.cucumber.testng.PickleWrapper, io.cucumber.testng.FeatureWrapper)[pri:0, instance:com.qa.test.runner.TestRunner@3fd7a715]" name="runScenario" duration-ms="35189" started-at="2021-07-09T16:39:30Z" description="Runs Cucumber Scenarios" data-provider="scenarios" finished-at="2021-07-09T16:40:06Z">
          <params>
            <param index="0">
              <value>
                <![CDATA["Verify user able to read place details"]]>
              </value>
            </param>
            <param index="1">
              <value>
                <![CDATA["Optional[Google Map CRUD Operations]"]]>
              </value>
            </param>
          </params>
          <reporter-output>
          </reporter-output>
        </test-method> <!-- runScenario -->
        <test-method status="PASS" signature="tearDownClass()[pri:0, instance:com.qa.test.runner.TestRunner@3fd7a715]" name="tearDownClass" is-config="true" duration-ms="9256" started-at="2021-07-09T16:40:06Z" finished-at="2021-07-09T16:40:15Z">
          <reporter-output>
          </reporter-output>
        </test-method> <!-- tearDownClass -->
      </class> <!-- com.qa.test.runner.TestRunner -->
    </test> <!-- GoogleMapTest -->
  </suite> <!-- testNGSuite -->
</testng-results>
